07/03/23  04:55:41 PM: INFO: ********************** Test_001_Login *********************
07/03/23  04:55:41 PM: INFO: ********************** Verifying Home page Title *********************
07/03/23  04:55:43 PM: INFO: ********************** Home page Title --- Passed *********************
07/03/23  04:55:45 PM: INFO: ********************** Verifying the Login Test *********************
07/03/23  04:55:51 PM: INFO: ********************** Login Test is Passed *********************
07/04/23  02:25:56 PM: INFO: ********************** Test_001_Login *********************
07/04/23  02:25:56 PM: INFO: ********************** Verifying Home page Title *********************
07/04/23  02:25:59 PM: INFO: ********************** Home page Title --- Passed *********************
07/04/23  02:26:01 PM: INFO: ********************** Verifying the Login Test *********************
07/04/23  02:26:06 PM: INFO: ********************** Login Test is Passed *********************
07/04/23  02:28:33 PM: INFO: ********************** Test_001_Login *********************
07/04/23  02:28:33 PM: INFO: ********************** Verifying Home page Title *********************
07/04/23  02:28:37 PM: INFO: ********************** Home page Title --- Passed *********************
07/04/23  02:28:44 PM: INFO: ********************** Verifying the Login Test *********************
07/04/23  02:28:50 PM: INFO: ********************** Login Test is Passed *********************
07/04/23  02:35:01 PM: INFO: ********************** Verifying the Login Test *********************
07/04/23  02:35:01 PM: INFO: ********************** Test_001_Login *********************
07/04/23  02:35:01 PM: INFO: ********************** Verifying Home page Title *********************
07/04/23  02:35:03 PM: INFO: ********************** Home page Title --- Passed *********************
07/04/23  02:35:07 PM: INFO: ********************** Login Test is Passed *********************
07/04/23  02:36:23 PM: INFO: ********************** Verifying the Login Test *********************
07/04/23  02:36:23 PM: INFO: ********************** Test_001_Login *********************
07/04/23  02:36:23 PM: INFO: ********************** Verifying Home page Title *********************
07/04/23  02:36:26 PM: INFO: ********************** Home page Title --- Passed *********************
07/04/23  02:36:29 PM: INFO: ********************** Login Test is Passed *********************
07/05/23  11:10:56 AM: INFO: ********************** Test_001_Login *********************
07/05/23  11:10:56 AM: INFO: ********************** Verifying Home page Title *********************
07/05/23  11:10:57 AM: INFO: ********************** Verifying the Login Test *********************
07/05/23  11:10:59 AM: INFO: ********************** Home page Title --- Passed *********************
07/05/23  11:11:06 AM: INFO: ********************** Login Test is Passed *********************
07/05/23  11:14:23 AM: INFO: ********************** Test_001_Login *********************
07/05/23  11:14:23 AM: INFO: ********************** Verifying Home page Title *********************
07/05/23  11:14:23 AM: INFO: ********************** Verifying the Login Test *********************
07/05/23  11:14:27 AM: INFO: ********************** Home page Title --- Passed *********************
07/05/23  11:14:31 AM: INFO: ********************** Login Test is Passed *********************
07/05/23  11:18:24 AM: INFO: ********************** Verifying the Login Test *********************
07/05/23  11:18:25 AM: INFO: ********************** Test_001_Login *********************
07/05/23  11:18:25 AM: INFO: ********************** Verifying Home page Title *********************
07/05/23  11:18:29 AM: INFO: ********************** Home page Title --- Passed *********************
07/05/23  11:18:31 AM: INFO: ********************** Login Test is Passed *********************
07/05/23  11:19:53 AM: INFO: ********************** Test_001_Login *********************
07/05/23  11:19:53 AM: INFO: ********************** Verifying Home page Title *********************
07/05/23  11:19:53 AM: INFO: ********************** Verifying the Login Test *********************
07/05/23  11:19:55 AM: INFO: ********************** Home page Title --- Passed *********************
07/05/23  11:19:59 AM: INFO: ********************** Login Test is Passed *********************
07/05/23  11:22:58 AM: INFO: *********************** Test_002_DDT_Login ***************************
07/05/23  11:22:58 AM: INFO: ********************** Verifying the Login Test *********************
07/05/23  11:25:15 AM: INFO: *********************** Test_002_DDT_Login ***************************
07/05/23  11:25:15 AM: INFO: ********************** Verifying the Login Test *********************
07/05/23  11:27:48 AM: INFO: *********************** Test_002_DDT_Login ***************************
07/05/23  11:27:48 AM: INFO: ********************** Verifying the Login Test *********************
07/05/23  11:36:18 AM: INFO: *********************** Test_002_DDT_Login ***************************
07/05/23  11:36:18 AM: INFO: ********************** Verifying the Login Test *********************
07/05/23  11:49:49 AM: INFO: *********************** Test_002_DDT_Login ***************************
07/05/23  11:49:49 AM: INFO: ********************** Verifying the Login Test *********************
07/05/23  11:54:58 AM: INFO: *********************** Test_002_DDT_Login ***************************
07/05/23  11:54:58 AM: INFO: ********************** Verifying the Login Test *********************
07/05/23  11:58:18 AM: INFO: *********************** Test_002_DDT_Login ***************************
07/05/23  11:58:18 AM: INFO: ********************** Verifying the Login Test *********************
07/05/23  12:05:58 PM: INFO: *********************** Test_002_DDT_Login ***************************
07/05/23  12:05:58 PM: INFO: ********************** Verifying the Login Test *********************
07/05/23  12:06:31 PM: INFO: *********************** Test_002_DDT_Login ***************************
07/05/23  12:06:31 PM: INFO: ********************** Verifying the Login Test *********************
07/05/23  12:08:10 PM: INFO: *********************** Test_002_DDT_Login ***************************
07/05/23  12:08:10 PM: INFO: ********************** Verifying the Login Test *********************
07/05/23  05:11:41 PM: INFO: ********************** Test_003_AddCustomer ***********************
07/05/23  05:11:47 PM: INFO: ******************* Login Successful *****************
07/05/23  05:11:47 PM: INFO: ******************* Starting Add Customer Test ******************
07/05/23  05:11:50 PM: INFO: **************** Providing Customer info ***************
07/05/23  05:12:02 PM: INFO: ****************** Saving Customer Info ****************
07/05/23  05:12:02 PM: INFO: ***************** Add customer validation started **************
07/05/23  05:12:02 PM: INFO: ************ Add Customer Test Passed ******************
07/05/23  05:12:02 PM: INFO: *************************** Ending Test_003_AddCustomer Test *************************
07/05/23  07:43:28 PM: INFO: ****************** Search Customer By Email **************
07/05/23  07:43:34 PM: INFO: ************************* Login Successful ****************
07/05/23  07:43:34 PM: INFO: ******** Starting Search Customer By Email ************
07/05/23  07:43:36 PM: INFO: ************** Searching Customer By Email Id ****************
07/05/23  07:43:41 PM: INFO: **************** TC_SearchCustomerByEmail__004 Finished
07/05/23  07:44:26 PM: INFO: ****************** Search Customer By Name **************
07/05/23  07:44:32 PM: INFO: ************************* Login Successful ****************
07/05/23  07:44:32 PM: INFO: ******** Starting Search Customer By Name ************
07/05/23  07:44:34 PM: INFO: ************** Searching Customer By Name ****************
07/05/23  07:44:39 PM: INFO: ***************  TC_SearchCustomerByName_005 Finished  *********** 
07/05/23  08:44:25 PM: INFO: ********************** Test_003_AddCustomer ***********************
07/05/23  08:44:33 PM: INFO: ******************* Login Successful *****************
07/05/23  08:44:33 PM: INFO: ******************* Starting Add Customer Test ******************
07/05/23  08:44:37 PM: INFO: **************** Providing Customer info ***************
07/05/23  08:44:49 PM: INFO: ****************** Saving Customer Info ****************
07/05/23  08:44:49 PM: INFO: ***************** Add customer validation started **************
07/05/23  08:44:50 PM: INFO: ************ Add Customer Test Passed ******************
07/05/23  08:44:50 PM: INFO: *************************** Ending Test_003_AddCustomer Test *************************
07/05/23  08:44:52 PM: INFO: ********************** Verifying the Login Test *********************
07/05/23  08:44:58 PM: INFO: ********************** Login Test is Passed *********************
07/05/23  08:45:25 PM: INFO: ********************** Verifying the Login Test *********************
07/05/23  08:45:31 PM: INFO: ********************** Login Test is Passed *********************
07/05/23  08:45:51 PM: INFO: ********************** Test_003_AddCustomer ***********************
07/05/23  08:45:57 PM: INFO: ******************* Login Successful *****************
07/05/23  08:45:57 PM: INFO: ******************* Starting Add Customer Test ******************
07/05/23  08:46:01 PM: INFO: **************** Providing Customer info ***************
07/05/23  08:46:13 PM: INFO: ****************** Saving Customer Info ****************
07/05/23  08:46:13 PM: INFO: ***************** Add customer validation started **************
07/05/23  08:46:13 PM: INFO: ************ Add Customer Test Passed ******************
07/05/23  08:46:14 PM: INFO: *************************** Ending Test_003_AddCustomer Test *************************
07/05/23  08:46:16 PM: INFO: ********************** Test_001_Login *********************
07/05/23  08:46:16 PM: INFO: ********************** Verifying Home page Title *********************
07/05/23  08:46:18 PM: INFO: ********************** Home page Title --- Passed *********************
07/05/23  08:46:20 PM: INFO: ********************** Verifying the Login Test *********************
07/05/23  08:46:25 PM: INFO: ********************** Login Test is Passed *********************
07/05/23  08:46:27 PM: INFO: *********************** Test_002_DDT_Login ***************************
07/05/23  08:46:27 PM: INFO: ********************** Verifying the Login Test *********************
07/05/23  08:46:39 PM: INFO: ****************** Search Customer By Email **************
07/05/23  08:46:45 PM: INFO: ************************* Login Successful ****************
07/05/23  08:46:45 PM: INFO: ******** Starting Search Customer By Email ************
07/05/23  08:46:47 PM: INFO: ************** Searching Customer By Email Id ****************
07/05/23  08:46:53 PM: INFO: **************** TC_SearchCustomerByEmail__004 Finished
07/05/23  08:46:55 PM: INFO: ****************** Search Customer By Name **************
07/05/23  08:47:00 PM: INFO: ************************* Login Successful ****************
07/05/23  08:47:00 PM: INFO: ******** Starting Search Customer By Name ************
07/05/23  08:47:02 PM: INFO: ************** Searching Customer By Name ****************
07/05/23  08:47:08 PM: INFO: ***************  TC_SearchCustomerByName_005 Finished  *********** 
07/05/23  10:37:26 PM: INFO: *********************** Test_002_DDT_Login ***************************
07/05/23  10:37:26 PM: INFO: ********************** Verifying the Login Test *********************
07/05/23  10:44:03 PM: INFO: *********************** Test_002_DDT_Login ***************************
07/05/23  10:44:03 PM: INFO: ********************** Verifying the Login Test *********************
07/05/23  10:50:47 PM: INFO: ************************* Test_002_DDT_Login  ******************
07/05/23  10:50:47 PM: INFO: ************************* Verifying Login Test ***************************
07/05/23  10:51:00 PM: INFO: *** Passed ***
07/05/23  10:51:08 PM: INFO: ***** Passed ******
07/05/23  10:51:14 PM: INFO: ***** Passed ******
07/05/23  10:51:20 PM: INFO: ***** Passed ******
07/05/23  10:51:26 PM: INFO: *** Failed ***
07/05/23  10:51:32 PM: INFO: *** Failed ***
07/05/23  10:51:38 PM: INFO: *** Failed ***
07/05/23  10:51:44 PM: INFO: ***** Passed ******
07/05/23  10:51:50 PM: INFO: ***** Passed ******
07/05/23  10:51:50 PM: INFO: ******** Login DDt test failed ******
07/05/23  10:51:50 PM: INFO: ************** End of Login DDT Test **************
07/05/23  10:51:50 PM: INFO: ************************ Completed TC_LoginDDT_002 *********************
07/05/23  10:53:05 PM: INFO: ********************** Verifying the Login Test *********************
07/05/23  10:53:14 PM: INFO: ********************** Login Test is Passed *********************
07/05/23  10:53:33 PM: INFO: ********************** Test_003_AddCustomer ***********************
07/05/23  10:53:41 PM: INFO: ******************* Login Successful *****************
07/05/23  10:53:41 PM: INFO: ******************* Starting Add Customer Test ******************
07/05/23  10:53:45 PM: INFO: **************** Providing Customer info ***************
07/05/23  10:53:57 PM: INFO: ****************** Saving Customer Info ****************
07/05/23  10:53:57 PM: INFO: ***************** Add customer validation started **************
07/05/23  10:53:58 PM: INFO: ************ Add Customer Test Passed ******************
07/05/23  10:53:58 PM: INFO: *************************** Ending Test_003_AddCustomer Test *************************
07/05/23  10:54:00 PM: INFO: ********************** Test_001_Login *********************
07/05/23  10:54:00 PM: INFO: ********************** Verifying Home page Title *********************
07/05/23  10:54:03 PM: INFO: ********************** Home page Title --- Passed *********************
07/05/23  10:54:05 PM: INFO: ********************** Verifying the Login Test *********************
07/05/23  10:54:12 PM: INFO: ********************** Login Test is Passed *********************
07/05/23  10:54:15 PM: INFO: ************************* Test_002_DDT_Login  ******************
07/05/23  10:54:15 PM: INFO: ************************* Verifying Login Test ***************************
07/05/23  10:54:24 PM: INFO: *** Passed ***
07/05/23  10:54:31 PM: INFO: ***** Passed ******
07/05/23  10:54:37 PM: INFO: ***** Passed ******
07/05/23  10:54:43 PM: INFO: ***** Passed ******
07/05/23  10:54:49 PM: INFO: *** Failed ***
07/05/23  10:54:55 PM: INFO: *** Failed ***
07/05/23  10:55:01 PM: INFO: *** Failed ***
07/05/23  10:55:07 PM: INFO: ***** Passed ******
07/05/23  10:55:13 PM: INFO: ***** Passed ******
07/05/23  10:55:13 PM: INFO: ******** Login DDt test failed ******
07/05/23  10:55:13 PM: INFO: ************** End of Login DDT Test **************
07/05/23  10:55:13 PM: INFO: ************************ Completed TC_LoginDDT_002 *********************
07/05/23  10:55:15 PM: INFO: ****************** Search Customer By Email **************
07/05/23  10:55:21 PM: INFO: ************************* Login Successful ****************
07/05/23  10:55:21 PM: INFO: ******** Starting Search Customer By Email ************
07/05/23  10:55:23 PM: INFO: ************** Searching Customer By Email Id ****************
07/05/23  10:55:29 PM: INFO: **************** TC_SearchCustomerByEmail__004 Finished
07/05/23  10:55:31 PM: INFO: ****************** Search Customer By Name **************
07/05/23  10:55:36 PM: INFO: ************************* Login Successful ****************
07/05/23  10:55:36 PM: INFO: ******** Starting Search Customer By Name ************
07/05/23  10:55:39 PM: INFO: ************** Searching Customer By Name ****************
07/05/23  10:55:44 PM: INFO: ***************  TC_SearchCustomerByName_005 Finished  *********** 
